2025-05-08 14:14:36,910 - semgrep.notifications - WARNING - METRICS: Using configs from the Registry (like --config=p/ci) reports pseudonymous rule metrics to semgrep.dev.
To disable Registry rule metrics, use "--metrics=off".
Using configs only from local files (like --config=xyz.yml) does not enable metrics.

More information: https://semgrep.dev/docs/metrics

2025-05-08 14:14:36,911 - semgrep.run_scan - DEBUG - semgrep version 1.2.0
2025-05-08 14:14:36,916 - semgrep.git - DEBUG - Failed to get project url from 'git ls-remote': Command failed with exit code: 128
-----
Command failed with output:
fatal: No remote configured to list refs from.


Failed to run 'git ls-remote --get-url'. Possible reasons:

- the git binary is not available
- the current working directory is not a git repository
- the baseline commit is not a parent of the current commit
    (if you are running through semgrep-app, check if you are setting `SEMGREP_BRANCH` or `SEMGREP_BASELINE_COMMIT` properly)
- the current working directory is not marked as safe
    (fix with `git config --global --add safe.directory $(pwd)`)

Try running the command yourself to debug the issue.
2025-05-08 14:14:36,917 - semgrep.config_resolver - DEBUG - Loading local config from /home/runner/workspace/.config/.semgrep/semgrep_rules.json
2025-05-08 14:14:36,921 - semgrep.config_resolver - DEBUG - Done loading local config from /home/runner/workspace/.config/.semgrep/semgrep_rules.json
2025-05-08 14:14:36,926 - semgrep.config_resolver - DEBUG - Saving rules to /tmp/semgrep-ld3xl4d8.rules
2025-05-08 14:14:37,282 - semgrep.semgrep_core - DEBUG - Failed to open resource semgrep-core-proprietary: [Errno 2] No such file or directory: '/tmp/_MEIP1kwfi/semgrep/bin/semgrep-core-proprietary'.
2025-05-08 14:14:38,222 - semgrep.rule_lang - DEBUG - semgrep-core validation response: valid=True
2025-05-08 14:14:38,222 - semgrep.rule_lang - DEBUG - semgrep-core validation succeeded
2025-05-08 14:14:38,222 - semgrep.rule_lang - DEBUG - RPC validation succeeded
2025-05-08 14:14:38,223 - semgrep.config_resolver - DEBUG - loaded 1 configs in 1.3056035041809082
2025-05-08 14:14:38,457 - semgrep.run_scan - VERBOSE - running 1250 rules from 1 config /home/runner/workspace/.config/.semgrep/semgrep_rules.json_0
2025-05-08 14:14:38,458 - semgrep.run_scan - VERBOSE - No .semgrepignore found. Using default .semgrepignore rules. See the docs for the list of default ignores: https://semgrep.dev/docs/cli-usage/#ignore-files
2025-05-08 14:14:38,460 - semgrep.run_scan - VERBOSE - Rules:
2025-05-08 14:14:38,461 - semgrep.run_scan - VERBOSE - <SKIPPED DATA (too many entries; use --max-log-list-entries)>
2025-05-08 14:14:39,083 - semgrep.core_runner - DEBUG - Passing whole rules directly to semgrep_core
2025-05-08 14:14:39,364 - semgrep.core_runner - DEBUG - Running Semgrep engine with command:
2025-05-08 14:14:39,364 - semgrep.core_runner - DEBUG - /tmp/_MEIP1kwfi/semgrep/bin/opengrep-core -json -rules /tmp/tmpjz85p1qd.json -j 8 -targets /tmp/tmplwnrcmbn -timeout 5 -timeout_threshold 3 -max_memory 0 -fast
2025-05-08 14:14:55,827 - semgrep.core_runner - DEBUG - --- semgrep-core stderr ---
[00.07][[34mINFO[0m]: Executed as: /tmp/_MEIP1kwfi/semgrep/bin/opengrep-core -json -rules /tmp/tmpjz85p1qd.json -j 8 -targets /tmp/tmplwnrcmbn -timeout 5 -timeout_threshold 3 -max_memory 0 -fast
[00.07][[34mINFO[0m]: Version: 1.2.0
[00.07][[34mINFO[0m]: Parsing rules in /tmp/tmpjz85p1qd.json
[00.92][[34mINFO[0m]: scan: processing 313 files (skipping 0), with 487 rules (skipping 0 )
[02.88][[33mWARNING[0m]: Fixpoint timeout while performing taint analysis [rule: config..semgrep.vendored-rules.javascript.lang.security.audit.detect-non-literal-require file: client/src/pages/home.tsx func: ???]
[0m[03.89][[33mWARNING[0m]: Fixpoint timeout while performing taint analysis [rule: config..semgrep.vendored-rules.javascript.lang.security.audit.path-traversal.path-join-resolve-traversal file: client/src/components/project-screens/HealthTrack.tsx func: HealthTrack:6492]
[0m[04.00][[33mWARNING[0m]: Fixpoint timeout while performing taint analysis [rule: config..semgrep.vendored-rules.javascript.lang.security.audit.path-traversal.path-join-resolve-traversal file: client/src/components/project-screens/HealthTrack.tsx func: HealthTrack:6492]
[0m[04.95][[33mWARNING[0m]: Fixpoint timeout while performing taint analysis [rule: config..semgrep.vendored-rules.javascript.lang.security.audit.detect-non-literal-require file: client/src/components/project-screens/HealthTrack.tsx func: HealthTrack:6492]
[0m[05.09][[33mWARNING[0m]: Fixpoint timeout while performing taint analysis [rule: config..semgrep.vendored-rules.javascript.lang.security.audit.detect-non-literal-require file: client/src/components/project-screens/HealthTrack.tsx func: HealthTrack:6492]
[0m[10.72][[33mWARNING[0m]: Fixpoint timeout while performing taint analysis [rule: config..semgrep.vendored-rules.typescript.react.security.audit.react-href-var file: client/src/components/project-screens/EcoShop.tsx func: EcoShop:21244]
[0m[10.89][[33mWARNING[0m]: Fixpoint timeout while performing taint analysis [rule: config..semgrep.vendored-rules.typescript.react.security.audit.react-href-var file: client/src/components/project-screens/EcoShop.tsx func: EcoShop:21244]
[0m[11.67][[33mWARNING[0m]: Fixpoint timeout while performing taint analysis [rule: config..semgrep.vendored-rules.javascript.lang.security.audit.path-traversal.path-join-resolve-traversal file: client/src/components/project-screens/ZenPay.tsx func: ZenPay:26434]
[0m[11.95][[33mWARNING[0m]: Fixpoint timeout while performing taint analysis [rule: config..semgrep.vendored-rules.javascript.lang.security.audit.path-traversal.path-join-resolve-traversal file: client/src/components/project-screens/LearnQuest.tsx func: LearnQuest:29620]
[0m[12.00][[33mWARNING[0m]: Fixpoint timeout while performing taint analysis [rule: config..semgrep.vendored-rules.typescript.react.security.audit.react-href-var file: client/src/components/project-screens/TeamSync.tsx func: TeamSync:39392]
[0m[12.13][[33mWARNING[0m]: Fixpoint timeout while performing taint analysis [rule: config..semgrep.vendored-rules.typescript.react.security.audit.react-href-var file: client/src/components/project-screens/TeamSync.tsx func: TeamSync:39392]
[0m[12.14][[33mWARNING[0m]: Fixpoint timeout while performing taint analysis [rule: config..semgrep.vendored-rules.javascript.lang.security.audit.path-traversal.path-join-resolve-traversal file: client/src/components/project-screens/EcoShop.tsx func: EcoShop:21244]
[0m[12.26][[33mWARNING[0m]: Fixpoint timeout while performing taint analysis [rule: config..semgrep.vendored-rules.javascript.lang.security.audit.path-traversal.path-join-resolve-traversal file: client/src/components/project-screens/EcoShop.tsx func: EcoShop:21244]
[0m[12.49][[33mWARNING[0m]: Fixpoint timeout while performing taint analysis [rule: config..semgrep.vendored-rules.javascript.lang.security.audit.detect-non-literal-require file: client/src/components/project-screens/ZenPay.tsx func: ZenPay:26434]
[0m[12.87][[33mWARNING[0m]: Fixpoint timeout while performing taint analysis [rule: config..semgrep.vendored-rules.javascript.lang.security.audit.path-traversal.path-join-resolve-traversal file: client/src/components/project-screens/TeamSync.tsx func: TeamSync:39392]
[0m[12.88][[33mWARNING[0m]: Fixpoint timeout while performing taint analysis [rule: config..semgrep.vendored-rules.javascript.lang.security.audit.detect-non-literal-require file: client/src/components/project-screens/LearnQuest.tsx func: LearnQuest:29620]
[0m[13.21][[33mWARNING[0m]: Fixpoint timeout while performing taint analysis [rule: config..semgrep.vendored-rules.javascript.lang.security.audit.detect-non-literal-require file: client/src/components/project-screens/EcoShop.tsx func: EcoShop:21244]
[0m[16.41][[34mINFO[0m]: Custom ignore pattern: None
[16.41][[34mINFO[0m]: Custom ignore pattern: None
--- end semgrep-core stderr ---
2025-05-08 14:14:55,837 - semgrep.rule_match - DEBUG - match_key = ('', PosixPath('client/index.html'), 'config..semgrep.vendored-rules.html.security.audit.missing-integrity') match_id = 0ee74fd49637bebe183eca7188dbde26e386314e62cc2e7ba1ee60b377b638243fcd84e6c6fa04886198ccacfa6a711bfbcc61a28f9ddc913d5b3c53083cbc90_0
2025-05-08 14:14:55,838 - semgrep.rule_match - DEBUG - match_key = (' type="text/javascript" src="https://replit.com/public/js/replit-dev-banner.js" (?is).*integrity= (google-analytics\\.com|fonts\\.googleapis\\.com|fonts\\.gstatic\\.com|googletagmanager\\.com) .*rel\\s*=\\s*[\'"]?preconnect.* href="... :// ..." href="//..." href=\'... :// ...\' href=\'//...\' src="... :// ..." src="//..." src=\'... :// ...\' src=\'//...\' <link  type="text/javascript" src="https://replit.com/public/js/replit-dev-banner.js" > <script  type="text/javascript" src="https://replit.com/public/js/replit-dev-banner.js" >...</script>', PosixPath('client/index.html'), 'config..semgrep.vendored-rules.html.security.audit.missing-integrity') match_id = 0728b64e224596592d04447ba8a642ff94e1fb9fcc07be26d49dc7e7f6898e638ad16ffcaca086932c58f4c6400fe32603323afef02cf9bfebcb0e4a53562a40_0
2025-05-08 14:14:55,839 - semgrep.rule_match - DEBUG - match_key = (' type="text/javascript" src="https://replit.com/public/js/replit-dev-banner.js" (?is).*integrity= (google-analytics\\.com|fonts\\.googleapis\\.com|fonts\\.gstatic\\.com|googletagmanager\\.com) .*rel\\s*=\\s*[\'"]?preconnect.* href="... :// ..." href="//..." href=\'... :// ...\' href=\'//...\' src="... :// ..." src="//..." src=\'... :// ...\' src=\'//...\' <link  type="text/javascript" src="https://replit.com/public/js/replit-dev-banner.js" > <script  type="text/javascript" src="https://replit.com/public/js/replit-dev-banner.js" >...</script>', PosixPath('client/index.html'), 'config..semgrep.vendored-rules.html.security.audit.missing-integrity') match_id = 0728b64e224596592d04447ba8a642ff94e1fb9fcc07be26d49dc7e7f6898e638ad16ffcaca086932c58f4c6400fe32603323afef02cf9bfebcb0e4a53562a40_0
2025-05-08 14:14:55,840 - semgrep.rule_match - DEBUG - match_key = (' type="text/javascript" src="https://replit.com/public/js/replit-dev-banner.js" (?is).*integrity= (google-analytics\\.com|fonts\\.googleapis\\.com|fonts\\.gstatic\\.com|googletagmanager\\.com) .*rel\\s*=\\s*[\'"]?preconnect.* href="... :// ..." href="//..." href=\'... :// ...\' href=\'//...\' src="... :// ..." src="//..." src=\'... :// ...\' src=\'//...\' <link  type="text/javascript" src="https://replit.com/public/js/replit-dev-banner.js" > <script  type="text/javascript" src="https://replit.com/public/js/replit-dev-banner.js" >...</script>', PosixPath('client/index.html'), 'config..semgrep.vendored-rules.html.security.audit.missing-integrity') match_id = 0728b64e224596592d04447ba8a642ff94e1fb9fcc07be26d49dc7e7f6898e638ad16ffcaca086932c58f4c6400fe32603323afef02cf9bfebcb0e4a53562a40_0
2025-05-08 14:14:55,843 - semgrep.core_runner - DEBUG - semgrep ran in 0:00:16.760073 on 112 files
2025-05-08 14:14:55,846 - semgrep.core_runner - DEBUG - findings summary: 1 warning, 0 error, 0 info
2025-05-08 14:14:55,851 - semgrep.app.auth - DEBUG - Getting API token from settings file
2025-05-08 14:14:55,851 - semgrep.app.auth - DEBUG - No API token found in settings file
2025-05-08 14:14:55,852 - semgrep.semgrep_core - DEBUG - Failed to open resource semgrep-core-proprietary: [Errno 2] No such file or directory: '/tmp/_MEIP1kwfi/semgrep/bin/semgrep-core-proprietary'.
2025-05-08 14:14:55,977 - semgrep.output - VERBOSE - 
========================================
Files skipped:
========================================

  Always skipped by Opengrep:

   • <none>

  Skipped by .gitignore:
  (Disable by passing --no-git-ignore)

   • <all files not listed by `git ls-files` were skipped>

  Skipped by .semgrepignore:
  - https://semgrep.dev/docs/ignoring-files-folders-code/#understand-semgrep-defaults

   • <none>

  Skipped by --include patterns:

   • <none>

  Skipped by --exclude patterns:

   • <none>

  Files skipped due to insufficient read permissions:

   • <none>

  Skipped by limiting to files smaller than 1000000 bytes:
  (Adjust with the --max-target-bytes flag)

   • attached_assets/image_1746691827213.png
   • generated-icon.png

  Partially analyzed due to parsing or internal Opengrep errors

   • tailwind.config.ts (1 lines skipped)

2025-05-08 14:14:55,978 - semgrep.output - INFO - Some files were skipped or only partially analyzed.
  Scan was limited to files tracked by git.
  Partially scanned: 1 files only partially analyzed due to parsing or internal Opengrep errors
  Scan skipped: 2 files larger than 1.0 MB
  For a full list of skipped files, run opengrep with the --verbose flag.

Ran 443 rules on 112 files: 1 finding.
2025-05-08 14:14:55,979 - semgrep.app.version - DEBUG - Version cache does not exist
2025-05-08 14:14:56,001 - semgrep.metrics - VERBOSE - Not sending pseudonymous metrics since metrics are configured to OFF and registry usage is False
